<?xml version="1.0" encoding="UTF-8"?>
<testsuite name="_Chapter_8_More_OOP.SuitTest" tests="1" skipped="0" failures="0" errors="0" timestamp="2022-11-22T20:47:58" hostname="DESKTOP-0CH3U27" time="0.024">
  <properties/>
  <testcase name="heartPrintsHeart()" classname="_Chapter_8_More_OOP.SuitTest" time="0.024"/>
  <system-out><![CDATA[]]></system-out>
  <system-err><![CDATA[]]></system-err>
</testsuite>
